# JRE version: Java(TM) SE Runtime Environment (8.0_112-b15) (build 1.8.0_112-b15)
# Java VM: Java HotSpot(TM) 64-Bit Server VM (25.112-b15 mixed mode windows-amd64 compressed oops)
Heap:
 PSYoungGen      total 47616K, used 28728K [0x00000007bc400000, 0x00000007c0000000, 0x00000007c0000000)
  eden space 33792K, 79% used [0x00000007bc400000,0x00000007bde5ad88,0x00000007be500000)
  from space 13824K, 12% used [0x00000007be500000,0x00000007be6b3330,0x00000007bf280000)
  to   space 13312K, 0% used [0x00000007bf300000,0x00000007bf300000,0x00000007c0000000)
 ParOldGen       total 135680K, used 57168K [0x0000000700000000, 0x0000000708480000, 0x00000007bc400000)
  object space 135680K, 42% used [0x0000000700000000,0x00000007037d40f8,0x0000000708480000)
 Metaspace       used 71807K, capacity 72437K, committed 72960K, reserved 1112064K
  class space    used 10309K, capacity 10429K, committed 10496K, reserved 1048576K
GC Heap History (10 events):
Event: 135.967 GC heap before
{Heap before GC invocations=62 (full 5):
 PSYoungGen      total 47104K, used 33888K [0x00000007bc400000, 0x00000007c0000000, 0x00000007c0000000)
  eden space 32768K, 100% used [0x00000007bc400000,0x00000007be400000,0x00000007be400000)
  from space 14336K, 7% used [0x00000007bf200000,0x00000007bf318000,0x00000007c0000000)
  to   space 14336K, 0% used [0x00000007be400000,0x00000007be400000,0x00000007bf200000)
 ParOldGen       total 135680K, used 57160K [0x0000000700000000, 0x0000000708480000, 0x00000007bc400000)
  object space 135680K, 42% used [0x0000000700000000,0x00000007037d20f8,0x0000000708480000)
 Metaspace       used 71221K, capacity 71829K, committed 72448K, reserved 1112064K
  class space    used 10264K, capacity 10397K, committed 10496K, reserved 1048576K
Event: 135.972 GC heap after
Heap after GC invocations=62 (full 5):
 PSYoungGen      total 47104K, used 1024K [0x00000007bc400000, 0x00000007c0000000, 0x00000007c0000000)
  eden space 32768K, 0% used [0x00000007bc400000,0x00000007bc400000,0x00000007be400000)
  from space 14336K, 7% used [0x00000007be400000,0x00000007be500000,0x00000007bf200000)
  to   space 14336K, 0% used [0x00000007bf200000,0x00000007bf200000,0x00000007c0000000)
 ParOldGen       total 135680K, used 57160K [0x0000000700000000, 0x0000000708480000, 0x00000007bc400000)
  object space 135680K, 42% used [0x0000000700000000,0x00000007037d20f8,0x0000000708480000)
 Metaspace       used 71221K, capacity 71829K, committed 72448K, reserved 1112064K
  class space    used 10264K, capacity 10397K, committed 10496K, reserved 1048576K
}
Event: 136.695 GC heap before
{Heap before GC invocations=63 (full 5):
 PSYoungGen      total 47104K, used 33792K [0x00000007bc400000, 0x00000007c0000000, 0x00000007c0000000)
  eden space 32768K, 100% used [0x00000007bc400000,0x00000007be400000,0x00000007be400000)
  from space 14336K, 7% used [0x00000007be400000,0x00000007be500000,0x00000007bf200000)
  to   space 14336K, 0% used [0x00000007bf200000,0x00000007bf200000,0x00000007c0000000)
 ParOldGen       total 135680K, used 57160K [0x0000000700000000, 0x0000000708480000, 0x00000007bc400000)
  object space 135680K, 42% used [0x0000000700000000,0x00000007037d20f8,0x0000000708480000)
 Metaspace       used 71242K, capacity 71893K, committed 72448K, reserved 1112064K
  class space    used 10265K, capacity 10397K, committed 10496K, reserved 1048576K
Event: 136.701 GC heap after
Heap after GC invocations=63 (full 5):
 PSYoungGen      total 47104K, used 1456K [0x00000007bc400000, 0x00000007c0000000, 0x00000007c0000000)
  eden space 32768K, 0% used [0x00000007bc400000,0x00000007bc400000,0x00000007be400000)
  from space 14336K, 10% used [0x00000007bf200000,0x00000007bf36c248,0x00000007c0000000)
  to   space 14336K, 0% used [0x00000007be400000,0x00000007be400000,0x00000007bf200000)
 ParOldGen       total 135680K, used 57160K [0x0000000700000000, 0x0000000708480000, 0x00000007bc400000)
  object space 135680K, 42% used [0x0000000700000000,0x00000007037d20f8,0x0000000708480000)
 Metaspace       used 71242K, capacity 71893K, committed 72448K, reserved 1112064K
  class space    used 10265K, capacity 10397K, committed 10496K, reserved 1048576K
}
Event: 140.895 GC heap before
{Heap before GC invocations=64 (full 5):
 PSYoungGen      total 47104K, used 34224K [0x00000007bc400000, 0x00000007c0000000, 0x00000007c0000000)
  eden space 32768K, 100% used [0x00000007bc400000,0x00000007be400000,0x00000007be400000)
  from space 14336K, 10% used [0x00000007bf200000,0x00000007bf36c248,0x00000007c0000000)
  to   space 14336K, 0% used [0x00000007be400000,0x00000007be400000,0x00000007bf200000)
 ParOldGen       total 135680K, used 57160K [0x0000000700000000, 0x0000000708480000, 0x00000007bc400000)
  object space 135680K, 42% used [0x0000000700000000,0x00000007037d20f8,0x0000000708480000)
 Metaspace       used 71297K, capacity 71893K, committed 72448K, reserved 1112064K
  class space    used 10265K, capacity 10397K, committed 10496K, reserved 1048576K
Event: 140.899 GC heap after
Heap after GC invocations=64 (full 5):
 PSYoungGen      total 47104K, used 1569K [0x00000007bc400000, 0x00000007c0000000, 0x00000007c0000000)
  eden space 32768K, 0% used [0x00000007bc400000,0x00000007bc400000,0x00000007be400000)
  from space 14336K, 10% used [0x00000007be400000,0x00000007be5884f8,0x00000007bf200000)
  to   space 13824K, 0% used [0x00000007bf280000,0x00000007bf280000,0x00000007c0000000)
 ParOldGen       total 135680K, used 57168K [0x0000000700000000, 0x0000000708480000, 0x00000007bc400000)
  object space 135680K, 42% used [0x0000000700000000,0x00000007037d40f8,0x0000000708480000)
 Metaspace       used 71297K, capacity 71893K, committed 72448K, reserved 1112064K
  class space    used 10265K, capacity 10397K, committed 10496K, reserved 1048576K
}
Event: 144.907 GC heap before
{Heap before GC invocations=65 (full 5):
 PSYoungGen      total 47104K, used 34337K [0x00000007bc400000, 0x00000007c0000000, 0x00000007c0000000)
  eden space 32768K, 100% used [0x00000007bc400000,0x00000007be400000,0x00000007be400000)
  from space 14336K, 10% used [0x00000007be400000,0x00000007be5884f8,0x00000007bf200000)
  to   space 13824K, 0% used [0x00000007bf280000,0x00000007bf280000,0x00000007c0000000)
 ParOldGen       total 135680K, used 57168K [0x0000000700000000, 0x0000000708480000, 0x00000007bc400000)
  object space 135680K, 42% used [0x0000000700000000,0x00000007037d40f8,0x0000000708480000)
 Metaspace       used 71335K, capacity 72021K, committed 72704K, reserved 1112064K
  class space    used 10265K, capacity 10397K, committed 10496K, reserved 1048576K
Event: 144.912 GC heap after
Heap after GC invocations=65 (full 5):
 PSYoungGen      total 47616K, used 1645K [0x00000007bc400000, 0x00000007c0000000, 0x00000007c0000000)
  eden space 33792K, 0% used [0x00000007bc400000,0x00000007bc400000,0x00000007be500000)
  from space 13824K, 11% used [0x00000007bf280000,0x00000007bf41b600,0x00000007c0000000)
  to   space 13824K, 0% used [0x00000007be500000,0x00000007be500000,0x00000007bf280000)
 ParOldGen       total 135680K, used 57168K [0x0000000700000000, 0x0000000708480000, 0x00000007bc400000)
  object space 135680K, 42% used [0x0000000700000000,0x00000007037d40f8,0x0000000708480000)
 Metaspace       used 71335K, capacity 72021K, committed 72704K, reserved 1112064K
  class space    used 10265K, capacity 10397K, committed 10496K, reserved 1048576K
}
Event: 145.925 GC heap before
{Heap before GC invocations=66 (full 5):
 PSYoungGen      total 47616K, used 35437K [0x00000007bc400000, 0x00000007c0000000, 0x00000007c0000000)
  eden space 33792K, 100% used [0x00000007bc400000,0x00000007be500000,0x00000007be500000)
  from space 13824K, 11% used [0x00000007bf280000,0x00000007bf41b600,0x00000007c0000000)
  to   space 13824K, 0% used [0x00000007be500000,0x00000007be500000,0x00000007bf280000)
 ParOldGen       total 135680K, used 57168K [0x0000000700000000, 0x0000000708480000, 0x00000007bc400000)
  object space 135680K, 42% used [0x0000000700000000,0x00000007037d40f8,0x0000000708480000)
 Metaspace       used 71431K, capacity 72053K, committed 72704K, reserved 1112064K
  class space    used 10290K, capacity 10429K, committed 10496K, reserved 1048576K
Event: 145.929 GC heap after
Heap after GC invocations=66 (full 5):
 PSYoungGen      total 47616K, used 1740K [0x00000007bc400000, 0x00000007c0000000, 0x00000007c0000000)
  eden space 33792K, 0% used [0x00000007bc400000,0x00000007bc400000,0x00000007be500000)
  from space 13824K, 12% used [0x00000007be500000,0x00000007be6b3330,0x00000007bf280000)
  to   space 13312K, 0% used [0x00000007bf300000,0x00000007bf300000,0x00000007c0000000)
 ParOldGen       total 135680K, used 57168K [0x0000000700000000, 0x0000000708480000, 0x00000007bc400000)
  object space 135680K, 42% used [0x0000000700000000,0x00000007037d40f8,0x0000000708480000)
 Metaspace       used 71431K, capacity 72053K, committed 72704K, reserved 1112064K
  class space    used 10290K, capacity 10429K, committed 10496K, reserved 1048576K
}

